2017:03:22 09:45:15.578 INFO  --- [Thread-10] o.s.b.c.e.AnnotationConfigEmbeddedWebApplicationContext : Closing org.springframework.boot.context.embedded.AnnotationConfigEmbeddedWebApplicationContext@3e0ffc8: startup date [Tue Mar 21 17:11:35 KST 2017]; root of context hierarchy 
2017:03:22 09:45:15.582 INFO  --- [Thread-10] o.s.j.e.a.AnnotationMBeanExporter : Unregistering JMX-exposed beans on shutdown 
2017:03:22 09:45:15.583 INFO  --- [Thread-10] o.s.o.j.LocalContainerEntityManagerFactoryBean : Closing JPA EntityManagerFactory for persistence unit 'default' 
2017:03:22 18:41:03.915 INFO  --- [restartedMain] c.exem.sf.SfTemplateWebApplication : Starting SfTemplateWebApplication on devui-iMac.local with PID 31603 (/Users/dev/workspace/sf-template-web/build/classes/main started by dev in /Users/dev/workspace/sf-template-web) 
2017:03:22 18:41:03.923 INFO  --- [restartedMain] c.exem.sf.SfTemplateWebApplication : No active profile set, falling back to default profiles: default 
2017:03:22 18:41:03.987 INFO  --- [restartedMain] o.s.b.c.e.AnnotationConfigEmbeddedWebApplicationContext : Refreshing org.springframework.boot.context.embedded.AnnotationConfigEmbeddedWebApplicationContext@c0668bf: startup date [Wed Mar 22 18:41:03 KST 2017]; root of context hierarchy 
2017:03:22 18:41:05.109 INFO  --- [restartedMain] o.s.c.s.PostProcessorRegistrationDelegate$BeanPostProcessorChecker : Bean 'org.springframework.transaction.annotation.ProxyTransactionManagementConfiguration' of type [org.springframework.transaction.annotation.ProxyTransactionManagementConfiguration$$EnhancerBySpringCGLIB$$c6241068] is not eligible for getting processed by all BeanPostProcessors (for example: not eligible for auto-proxying) 
2017:03:22 18:41:05.354 INFO  --- [restartedMain] o.s.b.c.e.t.TomcatEmbeddedServletContainer : Tomcat initialized with port(s): 8080 (http) 
2017:03:22 18:41:05.362 INFO  --- [restartedMain] o.a.catalina.core.StandardService : Starting service Tomcat 
2017:03:22 18:41:05.363 INFO  --- [restartedMain] o.a.catalina.core.StandardEngine : Starting Servlet Engine: Apache Tomcat/8.5.11 
2017:03:22 18:41:05.421 INFO  --- [localhost-startStop-1] o.a.c.c.C.[Tomcat].[localhost].[/] : Initializing Spring embedded WebApplicationContext 
2017:03:22 18:41:05.421 INFO  --- [localhost-startStop-1] o.s.web.context.ContextLoader : Root WebApplicationContext: initialization completed in 1434 ms 
2017:03:22 18:41:05.511 INFO  --- [localhost-startStop-1] o.s.b.w.s.ServletRegistrationBean : Mapping servlet: 'dispatcherServlet' to [/] 
2017:03:22 18:41:05.514 INFO  --- [localhost-startStop-1] o.s.b.w.s.FilterRegistrationBean : Mapping filter: 'characterEncodingFilter' to: [/*] 
2017:03:22 18:41:05.514 INFO  --- [localhost-startStop-1] o.s.b.w.s.FilterRegistrationBean : Mapping filter: 'hiddenHttpMethodFilter' to: [/*] 
2017:03:22 18:41:05.514 INFO  --- [localhost-startStop-1] o.s.b.w.s.FilterRegistrationBean : Mapping filter: 'httpPutFormContentFilter' to: [/*] 
2017:03:22 18:41:05.514 INFO  --- [localhost-startStop-1] o.s.b.w.s.FilterRegistrationBean : Mapping filter: 'requestContextFilter' to: [/*] 
2017:03:22 18:41:05.795 INFO  --- [restartedMain] o.s.j.datasource.init.ScriptUtils : Executing SQL script from URL [file:/Users/dev/workspace/sf-template-web/build/classes/main/schema.sql] 
2017:03:22 18:41:05.807 INFO  --- [restartedMain] o.s.j.datasource.init.ScriptUtils : Executed SQL script from URL [file:/Users/dev/workspace/sf-template-web/build/classes/main/schema.sql] in 12 ms. 
2017:03:22 18:41:05.879 INFO  --- [restartedMain] o.s.o.j.LocalContainerEntityManagerFactoryBean : Building JPA container EntityManagerFactory for persistence unit 'default' 
2017:03:22 18:41:06.917 INFO  --- [restartedMain] o.s.o.j.LocalContainerEntityManagerFactoryBean : Initialized JPA EntityManagerFactory for persistence unit 'default' 
2017:03:22 18:41:07.216 INFO  --- [restartedMain] o.s.w.s.m.m.a.RequestMappingHandlerAdapter : Looking for @ControllerAdvice: org.springframework.boot.context.embedded.AnnotationConfigEmbeddedWebApplicationContext@c0668bf: startup date [Wed Mar 22 18:41:03 KST 2017]; root of context hierarchy 
2017:03:22 18:41:07.267 INFO  --- [restartedMain] o.s.w.s.m.m.a.RequestMappingHandlerMapping : Mapped "{[/]}" onto public java.lang.String com.exem.sf.controller.HomeController.home() 
2017:03:22 18:41:07.269 INFO  --- [restartedMain] o.s.w.s.m.m.a.RequestMappingHandlerMapping : Mapped "{[/error]}" onto public org.springframework.http.ResponseEntity<java.util.Map<java.lang.String, java.lang.Object>> org.springframework.boot.autoconfigure.web.BasicErrorController.error(javax.servlet.http.HttpServletRequest) 
2017:03:22 18:41:07.269 INFO  --- [restartedMain] o.s.w.s.m.m.a.RequestMappingHandlerMapping : Mapped "{[/error],produces=[text/html]}" onto public org.springframework.web.servlet.ModelAndView org.springframework.boot.autoconfigure.web.BasicErrorController.errorHtml(javax.servlet.http.HttpServletRequest,javax.servlet.http.HttpServletResponse) 
2017:03:22 18:41:07.298 INFO  --- [restartedMain] o.s.w.s.h.SimpleUrlHandlerMapping : Mapped URL path [/webjars/**] onto handler of type [class org.springframework.web.servlet.resource.ResourceHttpRequestHandler] 
2017:03:22 18:41:07.299 INFO  --- [restartedMain] o.s.w.s.h.SimpleUrlHandlerMapping : Mapped URL path [/**] onto handler of type [class org.springframework.web.servlet.resource.ResourceHttpRequestHandler] 
2017:03:22 18:41:07.323 INFO  --- [restartedMain] o.s.w.s.h.SimpleUrlHandlerMapping : Mapped URL path [/**/favicon.ico] onto handler of type [class org.springframework.web.servlet.resource.ResourceHttpRequestHandler] 
2017:03:22 18:41:07.337 INFO  --- [restartedMain] o.s.b.a.w.WebMvcAutoConfiguration$WelcomePageHandlerMapping : Adding welcome page: class path resource [static/index.html] 
2017:03:22 18:41:07.457 WARN  --- [restartedMain] o.s.b.d.a.OptionalLiveReloadServer : Unable to start LiveReload server 
2017:03:22 18:41:07.494 INFO  --- [restartedMain] o.s.j.e.a.AnnotationMBeanExporter : Registering beans for JMX exposure on startup 
2017:03:22 18:41:07.523 ERROR --- [restartedMain] o.a.coyote.http11.Http11NioProtocol : Failed to start end point associated with ProtocolHandler [http-nio-8080] 
java.net.BindException: Address already in use
	at sun.nio.ch.Net.bind0(Native Method)
	at sun.nio.ch.Net.bind(Net.java:433)
	at sun.nio.ch.Net.bind(Net.java:425)
	at sun.nio.ch.ServerSocketChannelImpl.bind(ServerSocketChannelImpl.java:223)
	at sun.nio.ch.ServerSocketAdaptor.bind(ServerSocketAdaptor.java:74)
	at org.apache.tomcat.util.net.NioEndpoint.bind(NioEndpoint.java:210)
	at org.apache.tomcat.util.net.AbstractEndpoint.start(AbstractEndpoint.java:980)
	at org.apache.coyote.AbstractProtocol.start(AbstractProtocol.java:573)
	at org.apache.catalina.connector.Connector.startInternal(Connector.java:993)
	at org.apache.catalina.util.LifecycleBase.start(LifecycleBase.java:150)
	at org.apache.catalina.core.StandardService.addConnector(StandardService.java:225)
	at org.springframework.boot.context.embedded.tomcat.TomcatEmbeddedServletContainer.addPreviouslyRemovedConnectors(TomcatEmbeddedServletContainer.java:247)
	at org.springframework.boot.context.embedded.tomcat.TomcatEmbeddedServletContainer.start(TomcatEmbeddedServletContainer.java:190)
	at org.springframework.boot.context.embedded.EmbeddedWebApplicationContext.startEmbeddedServletContainer(EmbeddedWebApplicationContext.java:297)
	at org.springframework.boot.context.embedded.EmbeddedWebApplicationContext.finishRefresh(EmbeddedWebApplicationContext.java:145)
	at org.springframework.context.support.AbstractApplicationContext.refresh(AbstractApplicationContext.java:545)
	at org.springframework.boot.context.embedded.EmbeddedWebApplicationContext.refresh(EmbeddedWebApplicationContext.java:122)
	at org.springframework.boot.SpringApplication.refresh(SpringApplication.java:737)
	at org.springframework.boot.SpringApplication.refreshContext(SpringApplication.java:370)
	at org.springframework.boot.SpringApplication.run(SpringApplication.java:314)
	at org.springframework.boot.SpringApplication.run(SpringApplication.java:1162)
	at org.springframework.boot.SpringApplication.run(SpringApplication.java:1151)
	at com.exem.sf.SfTemplateWebApplication.main(SfTemplateWebApplication.java:21)
	at sun.reflect.NativeMethodAccessorImpl.invoke0(Native Method)
	at sun.reflect.NativeMethodAccessorImpl.invoke(NativeMethodAccessorImpl.java:62)
	at sun.reflect.DelegatingMethodAccessorImpl.invoke(DelegatingMethodAccessorImpl.java:43)
	at java.lang.reflect.Method.invoke(Method.java:498)
	at org.springframework.boot.devtools.restart.RestartLauncher.run(RestartLauncher.java:49)
2017:03:22 18:41:07.524 ERROR --- [restartedMain] o.a.catalina.core.StandardService : Failed to start connector [Connector[HTTP/1.1-8080]] 
org.apache.catalina.LifecycleException: Failed to start component [Connector[HTTP/1.1-8080]]
	at org.apache.catalina.util.LifecycleBase.start(LifecycleBase.java:167)
	at org.apache.catalina.core.StandardService.addConnector(StandardService.java:225)
	at org.springframework.boot.context.embedded.tomcat.TomcatEmbeddedServletContainer.addPreviouslyRemovedConnectors(TomcatEmbeddedServletContainer.java:247)
	at org.springframework.boot.context.embedded.tomcat.TomcatEmbeddedServletContainer.start(TomcatEmbeddedServletContainer.java:190)
	at org.springframework.boot.context.embedded.EmbeddedWebApplicationContext.startEmbeddedServletContainer(EmbeddedWebApplicationContext.java:297)
	at org.springframework.boot.context.embedded.EmbeddedWebApplicationContext.finishRefresh(EmbeddedWebApplicationContext.java:145)
	at org.springframework.context.support.AbstractApplicationContext.refresh(AbstractApplicationContext.java:545)
	at org.springframework.boot.context.embedded.EmbeddedWebApplicationContext.refresh(EmbeddedWebApplicationContext.java:122)
	at org.springframework.boot.SpringApplication.refresh(SpringApplication.java:737)
	at org.springframework.boot.SpringApplication.refreshContext(SpringApplication.java:370)
	at org.springframework.boot.SpringApplication.run(SpringApplication.java:314)
	at org.springframework.boot.SpringApplication.run(SpringApplication.java:1162)
	at org.springframework.boot.SpringApplication.run(SpringApplication.java:1151)
	at com.exem.sf.SfTemplateWebApplication.main(SfTemplateWebApplication.java:21)
	at sun.reflect.NativeMethodAccessorImpl.invoke0(Native Method)
	at sun.reflect.NativeMethodAccessorImpl.invoke(NativeMethodAccessorImpl.java:62)
	at sun.reflect.DelegatingMethodAccessorImpl.invoke(DelegatingMethodAccessorImpl.java:43)
	at java.lang.reflect.Method.invoke(Method.java:498)
	at org.springframework.boot.devtools.restart.RestartLauncher.run(RestartLauncher.java:49)
Caused by: org.apache.catalina.LifecycleException: service.getName(): "Tomcat";  Protocol handler start failed
	at org.apache.catalina.connector.Connector.startInternal(Connector.java:1000)
	at org.apache.catalina.util.LifecycleBase.start(LifecycleBase.java:150)
	... 18 common frames omitted
Caused by: java.net.BindException: Address already in use
	at sun.nio.ch.Net.bind0(Native Method)
	at sun.nio.ch.Net.bind(Net.java:433)
	at sun.nio.ch.Net.bind(Net.java:425)
	at sun.nio.ch.ServerSocketChannelImpl.bind(ServerSocketChannelImpl.java:223)
	at sun.nio.ch.ServerSocketAdaptor.bind(ServerSocketAdaptor.java:74)
	at org.apache.tomcat.util.net.NioEndpoint.bind(NioEndpoint.java:210)
	at org.apache.tomcat.util.net.AbstractEndpoint.start(AbstractEndpoint.java:980)
	at org.apache.coyote.AbstractProtocol.start(AbstractProtocol.java:573)
	at org.apache.catalina.connector.Connector.startInternal(Connector.java:993)
	... 19 common frames omitted
2017:03:22 18:41:07.529 INFO  --- [restartedMain] o.a.catalina.core.StandardService : Stopping service Tomcat 
2017:03:22 18:41:07.537 INFO  --- [restartedMain] o.s.b.a.l.AutoConfigurationReportLoggingInitializer : 

Error starting ApplicationContext. To display the auto-configuration report re-run your application with 'debug' enabled. 
2017:03:22 18:41:07.540 ERROR --- [restartedMain] o.s.b.d.LoggingFailureAnalysisReporter : 

***************************
APPLICATION FAILED TO START
***************************

Description:

The Tomcat connector configured to listen on port 8080 failed to start. The port may already be in use or the connector may be misconfigured.

Action:

Verify the connector's configuration, identify and stop any process that's listening on port 8080, or configure this application to listen on another port.
 
2017:03:22 18:41:07.541 INFO  --- [restartedMain] o.s.b.c.e.AnnotationConfigEmbeddedWebApplicationContext : Closing org.springframework.boot.context.embedded.AnnotationConfigEmbeddedWebApplicationContext@c0668bf: startup date [Wed Mar 22 18:41:03 KST 2017]; root of context hierarchy 
2017:03:22 18:41:07.542 INFO  --- [restartedMain] o.s.j.e.a.AnnotationMBeanExporter : Unregistering JMX-exposed beans on shutdown 
2017:03:22 18:41:07.543 INFO  --- [restartedMain] o.s.o.j.LocalContainerEntityManagerFactoryBean : Closing JPA EntityManagerFactory for persistence unit 'default' 
2017:03:22 18:41:46.306 INFO  --- [restartedMain] c.exem.sf.SfTemplateWebApplication : Starting SfTemplateWebApplication on devui-iMac.local with PID 31607 (/Users/dev/workspace/sf-template-web/build/classes/main started by dev in /Users/dev/workspace/sf-template-web) 
2017:03:22 18:41:46.312 INFO  --- [restartedMain] c.exem.sf.SfTemplateWebApplication : No active profile set, falling back to default profiles: default 
2017:03:22 18:41:46.350 INFO  --- [restartedMain] o.s.b.c.e.AnnotationConfigEmbeddedWebApplicationContext : Refreshing org.springframework.boot.context.embedded.AnnotationConfigEmbeddedWebApplicationContext@c0668bf: startup date [Wed Mar 22 18:41:46 KST 2017]; root of context hierarchy 
2017:03:22 18:41:47.167 INFO  --- [restartedMain] o.s.c.s.PostProcessorRegistrationDelegate$BeanPostProcessorChecker : Bean 'org.springframework.transaction.annotation.ProxyTransactionManagementConfiguration' of type [org.springframework.transaction.annotation.ProxyTransactionManagementConfiguration$$EnhancerBySpringCGLIB$$dc4dfed6] is not eligible for getting processed by all BeanPostProcessors (for example: not eligible for auto-proxying) 
2017:03:22 18:41:47.402 INFO  --- [restartedMain] o.s.b.c.e.t.TomcatEmbeddedServletContainer : Tomcat initialized with port(s): 8080 (http) 
2017:03:22 18:41:47.411 INFO  --- [restartedMain] o.a.catalina.core.StandardService : Starting service Tomcat 
2017:03:22 18:41:47.412 INFO  --- [restartedMain] o.a.catalina.core.StandardEngine : Starting Servlet Engine: Apache Tomcat/8.5.11 
2017:03:22 18:41:47.477 INFO  --- [localhost-startStop-1] o.a.c.c.C.[Tomcat].[localhost].[/] : Initializing Spring embedded WebApplicationContext 
2017:03:22 18:41:47.477 INFO  --- [localhost-startStop-1] o.s.web.context.ContextLoader : Root WebApplicationContext: initialization completed in 1127 ms 
2017:03:22 18:41:47.571 INFO  --- [localhost-startStop-1] o.s.b.w.s.ServletRegistrationBean : Mapping servlet: 'dispatcherServlet' to [/] 
2017:03:22 18:41:47.574 INFO  --- [localhost-startStop-1] o.s.b.w.s.FilterRegistrationBean : Mapping filter: 'characterEncodingFilter' to: [/*] 
2017:03:22 18:41:47.574 INFO  --- [localhost-startStop-1] o.s.b.w.s.FilterRegistrationBean : Mapping filter: 'hiddenHttpMethodFilter' to: [/*] 
2017:03:22 18:41:47.574 INFO  --- [localhost-startStop-1] o.s.b.w.s.FilterRegistrationBean : Mapping filter: 'httpPutFormContentFilter' to: [/*] 
2017:03:22 18:41:47.574 INFO  --- [localhost-startStop-1] o.s.b.w.s.FilterRegistrationBean : Mapping filter: 'requestContextFilter' to: [/*] 
2017:03:22 18:41:47.855 INFO  --- [restartedMain] o.s.j.datasource.init.ScriptUtils : Executing SQL script from URL [file:/Users/dev/workspace/sf-template-web/build/classes/main/schema.sql] 
2017:03:22 18:41:47.868 INFO  --- [restartedMain] o.s.j.datasource.init.ScriptUtils : Executed SQL script from URL [file:/Users/dev/workspace/sf-template-web/build/classes/main/schema.sql] in 13 ms. 
2017:03:22 18:41:47.934 INFO  --- [restartedMain] o.s.o.j.LocalContainerEntityManagerFactoryBean : Building JPA container EntityManagerFactory for persistence unit 'default' 
2017:03:22 18:41:49.017 INFO  --- [restartedMain] o.s.o.j.LocalContainerEntityManagerFactoryBean : Initialized JPA EntityManagerFactory for persistence unit 'default' 
2017:03:22 18:41:49.283 INFO  --- [restartedMain] o.s.w.s.m.m.a.RequestMappingHandlerAdapter : Looking for @ControllerAdvice: org.springframework.boot.context.embedded.AnnotationConfigEmbeddedWebApplicationContext@c0668bf: startup date [Wed Mar 22 18:41:46 KST 2017]; root of context hierarchy 
2017:03:22 18:41:49.329 INFO  --- [restartedMain] o.s.w.s.m.m.a.RequestMappingHandlerMapping : Mapped "{[/]}" onto public java.lang.String com.exem.sf.controller.HomeController.home() 
2017:03:22 18:41:49.331 INFO  --- [restartedMain] o.s.w.s.m.m.a.RequestMappingHandlerMapping : Mapped "{[/error]}" onto public org.springframework.http.ResponseEntity<java.util.Map<java.lang.String, java.lang.Object>> org.springframework.boot.autoconfigure.web.BasicErrorController.error(javax.servlet.http.HttpServletRequest) 
2017:03:22 18:41:49.331 INFO  --- [restartedMain] o.s.w.s.m.m.a.RequestMappingHandlerMapping : Mapped "{[/error],produces=[text/html]}" onto public org.springframework.web.servlet.ModelAndView org.springframework.boot.autoconfigure.web.BasicErrorController.errorHtml(javax.servlet.http.HttpServletRequest,javax.servlet.http.HttpServletResponse) 
2017:03:22 18:41:49.360 INFO  --- [restartedMain] o.s.w.s.h.SimpleUrlHandlerMapping : Mapped URL path [/webjars/**] onto handler of type [class org.springframework.web.servlet.resource.ResourceHttpRequestHandler] 
2017:03:22 18:41:49.360 INFO  --- [restartedMain] o.s.w.s.h.SimpleUrlHandlerMapping : Mapped URL path [/**] onto handler of type [class org.springframework.web.servlet.resource.ResourceHttpRequestHandler] 
2017:03:22 18:41:49.385 INFO  --- [restartedMain] o.s.w.s.h.SimpleUrlHandlerMapping : Mapped URL path [/**/favicon.ico] onto handler of type [class org.springframework.web.servlet.resource.ResourceHttpRequestHandler] 
2017:03:22 18:41:49.399 INFO  --- [restartedMain] o.s.b.a.w.WebMvcAutoConfiguration$WelcomePageHandlerMapping : Adding welcome page: class path resource [static/index.html] 
2017:03:22 18:41:49.511 INFO  --- [restartedMain] o.s.b.d.a.OptionalLiveReloadServer : LiveReload server is running on port 35729 
2017:03:22 18:41:49.552 INFO  --- [restartedMain] o.s.j.e.a.AnnotationMBeanExporter : Registering beans for JMX exposure on startup 
2017:03:22 18:41:49.592 INFO  --- [restartedMain] o.s.b.c.e.t.TomcatEmbeddedServletContainer : Tomcat started on port(s): 8080 (http) 
2017:03:22 18:41:49.595 INFO  --- [restartedMain] c.exem.sf.SfTemplateWebApplication : Started SfTemplateWebApplication in 3.828 seconds (JVM running for 4.141) 
2017:03:22 18:42:16.215 INFO  --- [http-nio-8080-exec-1] o.a.c.c.C.[Tomcat].[localhost].[/] : Initializing Spring FrameworkServlet 'dispatcherServlet' 
2017:03:22 18:42:16.215 INFO  --- [http-nio-8080-exec-1] o.s.web.servlet.DispatcherServlet : FrameworkServlet 'dispatcherServlet': initialization started 
2017:03:22 18:42:16.224 INFO  --- [http-nio-8080-exec-1] o.s.web.servlet.DispatcherServlet : FrameworkServlet 'dispatcherServlet': initialization completed in 9 ms 
2017:03:22 18:43:03.741 INFO  --- [Thread-10] o.s.b.c.e.AnnotationConfigEmbeddedWebApplicationContext : Closing org.springframework.boot.context.embedded.AnnotationConfigEmbeddedWebApplicationContext@c0668bf: startup date [Wed Mar 22 18:41:46 KST 2017]; root of context hierarchy 
2017:03:22 18:43:03.743 INFO  --- [Thread-10] o.s.j.e.a.AnnotationMBeanExporter : Unregistering JMX-exposed beans on shutdown 
2017:03:22 18:43:03.744 INFO  --- [Thread-10] o.s.o.j.LocalContainerEntityManagerFactoryBean : Closing JPA EntityManagerFactory for persistence unit 'default' 
2017:03:22 22:14:56.145 INFO  --- [restartedMain] c.exem.sf.SfTemplateWebApplication : Starting SfTemplateWebApplication on devui-iMac.local with PID 32550 (/Users/dev/workspace/sf-template-web/build/classes/main started by dev in /Users/dev/workspace/sf-template-web) 
2017:03:22 22:14:56.153 INFO  --- [restartedMain] c.exem.sf.SfTemplateWebApplication : No active profile set, falling back to default profiles: default 
2017:03:22 22:14:56.225 INFO  --- [restartedMain] o.s.b.c.e.AnnotationConfigEmbeddedWebApplicationContext : Refreshing org.springframework.boot.context.embedded.AnnotationConfigEmbeddedWebApplicationContext@c0668bf: startup date [Wed Mar 22 22:14:56 KST 2017]; root of context hierarchy 
2017:03:22 22:14:57.191 INFO  --- [restartedMain] o.s.c.s.PostProcessorRegistrationDelegate$BeanPostProcessorChecker : Bean 'org.springframework.transaction.annotation.ProxyTransactionManagementConfiguration' of type [org.springframework.transaction.annotation.ProxyTransactionManagementConfiguration$$EnhancerBySpringCGLIB$$28d5385e] is not eligible for getting processed by all BeanPostProcessors (for example: not eligible for auto-proxying) 
2017:03:22 22:14:57.549 INFO  --- [restartedMain] o.s.b.c.e.t.TomcatEmbeddedServletContainer : Tomcat initialized with port(s): 8080 (http) 
2017:03:22 22:14:57.562 INFO  --- [restartedMain] o.a.catalina.core.StandardService : Starting service Tomcat 
2017:03:22 22:14:57.563 INFO  --- [restartedMain] o.a.catalina.core.StandardEngine : Starting Servlet Engine: Apache Tomcat/8.5.11 
2017:03:22 22:14:57.640 INFO  --- [localhost-startStop-1] o.a.c.c.C.[Tomcat].[localhost].[/] : Initializing Spring embedded WebApplicationContext 
2017:03:22 22:14:57.641 INFO  --- [localhost-startStop-1] o.s.web.context.ContextLoader : Root WebApplicationContext: initialization completed in 1416 ms 
2017:03:22 22:14:57.772 INFO  --- [localhost-startStop-1] o.s.b.w.s.ServletRegistrationBean : Mapping servlet: 'dispatcherServlet' to [/] 
2017:03:22 22:14:57.776 INFO  --- [localhost-startStop-1] o.s.b.w.s.FilterRegistrationBean : Mapping filter: 'characterEncodingFilter' to: [/*] 
2017:03:22 22:14:57.776 INFO  --- [localhost-startStop-1] o.s.b.w.s.FilterRegistrationBean : Mapping filter: 'hiddenHttpMethodFilter' to: [/*] 
2017:03:22 22:14:57.776 INFO  --- [localhost-startStop-1] o.s.b.w.s.FilterRegistrationBean : Mapping filter: 'httpPutFormContentFilter' to: [/*] 
2017:03:22 22:14:57.777 INFO  --- [localhost-startStop-1] o.s.b.w.s.FilterRegistrationBean : Mapping filter: 'requestContextFilter' to: [/*] 
2017:03:22 22:14:58.127 INFO  --- [restartedMain] o.s.j.datasource.init.ScriptUtils : Executing SQL script from URL [file:/Users/dev/workspace/sf-template-web/build/classes/main/schema.sql] 
2017:03:22 22:14:58.143 INFO  --- [restartedMain] o.s.j.datasource.init.ScriptUtils : Executed SQL script from URL [file:/Users/dev/workspace/sf-template-web/build/classes/main/schema.sql] in 16 ms. 
2017:03:22 22:14:58.226 INFO  --- [restartedMain] o.s.o.j.LocalContainerEntityManagerFactoryBean : Building JPA container EntityManagerFactory for persistence unit 'default' 
2017:03:22 22:14:59.621 INFO  --- [restartedMain] o.s.o.j.LocalContainerEntityManagerFactoryBean : Initialized JPA EntityManagerFactory for persistence unit 'default' 
2017:03:22 22:15:00.018 INFO  --- [restartedMain] o.s.w.s.m.m.a.RequestMappingHandlerAdapter : Looking for @ControllerAdvice: org.springframework.boot.context.embedded.AnnotationConfigEmbeddedWebApplicationContext@c0668bf: startup date [Wed Mar 22 22:14:56 KST 2017]; root of context hierarchy 
2017:03:22 22:15:00.088 INFO  --- [restartedMain] o.s.w.s.m.m.a.RequestMappingHandlerMapping : Mapped "{[/]}" onto public java.lang.String com.exem.sf.controller.HomeController.home() 
2017:03:22 22:15:00.091 INFO  --- [restartedMain] o.s.w.s.m.m.a.RequestMappingHandlerMapping : Mapped "{[/error]}" onto public org.springframework.http.ResponseEntity<java.util.Map<java.lang.String, java.lang.Object>> org.springframework.boot.autoconfigure.web.BasicErrorController.error(javax.servlet.http.HttpServletRequest) 
2017:03:22 22:15:00.092 INFO  --- [restartedMain] o.s.w.s.m.m.a.RequestMappingHandlerMapping : Mapped "{[/error],produces=[text/html]}" onto public org.springframework.web.servlet.ModelAndView org.springframework.boot.autoconfigure.web.BasicErrorController.errorHtml(javax.servlet.http.HttpServletRequest,javax.servlet.http.HttpServletResponse) 
2017:03:22 22:15:00.132 INFO  --- [restartedMain] o.s.w.s.h.SimpleUrlHandlerMapping : Mapped URL path [/webjars/**] onto handler of type [class org.springframework.web.servlet.resource.ResourceHttpRequestHandler] 
2017:03:22 22:15:00.133 INFO  --- [restartedMain] o.s.w.s.h.SimpleUrlHandlerMapping : Mapped URL path [/**] onto handler of type [class org.springframework.web.servlet.resource.ResourceHttpRequestHandler] 
2017:03:22 22:15:00.171 INFO  --- [restartedMain] o.s.w.s.h.SimpleUrlHandlerMapping : Mapped URL path [/**/favicon.ico] onto handler of type [class org.springframework.web.servlet.resource.ResourceHttpRequestHandler] 
2017:03:22 22:15:00.191 INFO  --- [restartedMain] o.s.b.a.w.WebMvcAutoConfiguration$WelcomePageHandlerMapping : Adding welcome page: class path resource [static/index.html] 
2017:03:22 22:15:00.831 INFO  --- [restartedMain] o.s.b.d.a.OptionalLiveReloadServer : LiveReload server is running on port 35729 
2017:03:22 22:15:00.881 INFO  --- [restartedMain] o.s.j.e.a.AnnotationMBeanExporter : Registering beans for JMX exposure on startup 
2017:03:22 22:15:00.932 INFO  --- [restartedMain] o.s.b.c.e.t.TomcatEmbeddedServletContainer : Tomcat started on port(s): 8080 (http) 
2017:03:22 22:15:00.937 INFO  --- [restartedMain] c.exem.sf.SfTemplateWebApplication : Started SfTemplateWebApplication in 5.513 seconds (JVM running for 5.958) 
2017:03:22 22:15:09.636 INFO  --- [http-nio-8080-exec-1] o.a.c.c.C.[Tomcat].[localhost].[/] : Initializing Spring FrameworkServlet 'dispatcherServlet' 
2017:03:22 22:15:09.636 INFO  --- [http-nio-8080-exec-1] o.s.web.servlet.DispatcherServlet : FrameworkServlet 'dispatcherServlet': initialization started 
2017:03:22 22:15:09.645 INFO  --- [http-nio-8080-exec-1] o.s.web.servlet.DispatcherServlet : FrameworkServlet 'dispatcherServlet': initialization completed in 9 ms 
2017:03:22 22:18:59.465 INFO  --- [Thread-10] o.s.b.c.e.AnnotationConfigEmbeddedWebApplicationContext : Closing org.springframework.boot.context.embedded.AnnotationConfigEmbeddedWebApplicationContext@c0668bf: startup date [Wed Mar 22 22:14:56 KST 2017]; root of context hierarchy 
2017:03:22 22:18:59.467 INFO  --- [Thread-10] o.s.j.e.a.AnnotationMBeanExporter : Unregistering JMX-exposed beans on shutdown 
2017:03:22 22:18:59.468 INFO  --- [Thread-10] o.s.o.j.LocalContainerEntityManagerFactoryBean : Closing JPA EntityManagerFactory for persistence unit 'default' 
2017:03:22 23:03:47.030 INFO  --- [restartedMain] c.exem.sf.SfTemplateWebApplication : Starting SfTemplateWebApplication on devui-iMac.local with PID 32776 (/Users/dev/workspace/sf-template-web/build/classes/main started by dev in /Users/dev/workspace/sf-template-web) 
2017:03:22 23:03:47.038 INFO  --- [restartedMain] c.exem.sf.SfTemplateWebApplication : No active profile set, falling back to default profiles: default 
2017:03:22 23:03:47.095 INFO  --- [restartedMain] o.s.b.c.e.AnnotationConfigEmbeddedWebApplicationContext : Refreshing org.springframework.boot.context.embedded.AnnotationConfigEmbeddedWebApplicationContext@c0668bf: startup date [Wed Mar 22 23:03:47 KST 2017]; root of context hierarchy 
2017:03:22 23:03:48.088 INFO  --- [restartedMain] o.s.c.s.PostProcessorRegistrationDelegate$BeanPostProcessorChecker : Bean 'org.springframework.transaction.annotation.ProxyTransactionManagementConfiguration' of type [org.springframework.transaction.annotation.ProxyTransactionManagementConfiguration$$EnhancerBySpringCGLIB$$178c61e4] is not eligible for getting processed by all BeanPostProcessors (for example: not eligible for auto-proxying) 
2017:03:22 23:03:48.330 INFO  --- [restartedMain] o.s.b.c.e.t.TomcatEmbeddedServletContainer : Tomcat initialized with port(s): 8080 (http) 
2017:03:22 23:03:48.338 INFO  --- [restartedMain] o.a.catalina.core.StandardService : Starting service Tomcat 
2017:03:22 23:03:48.339 INFO  --- [restartedMain] o.a.catalina.core.StandardEngine : Starting Servlet Engine: Apache Tomcat/8.5.11 
2017:03:22 23:03:48.405 INFO  --- [localhost-startStop-1] o.a.c.c.C.[Tomcat].[localhost].[/] : Initializing Spring embedded WebApplicationContext 
2017:03:22 23:03:48.405 INFO  --- [localhost-startStop-1] o.s.web.context.ContextLoader : Root WebApplicationContext: initialization completed in 1311 ms 
2017:03:22 23:03:48.495 INFO  --- [localhost-startStop-1] o.s.b.w.s.ServletRegistrationBean : Mapping servlet: 'dispatcherServlet' to [/] 
2017:03:22 23:03:48.498 INFO  --- [localhost-startStop-1] o.s.b.w.s.FilterRegistrationBean : Mapping filter: 'characterEncodingFilter' to: [/*] 
2017:03:22 23:03:48.498 INFO  --- [localhost-startStop-1] o.s.b.w.s.FilterRegistrationBean : Mapping filter: 'hiddenHttpMethodFilter' to: [/*] 
2017:03:22 23:03:48.498 INFO  --- [localhost-startStop-1] o.s.b.w.s.FilterRegistrationBean : Mapping filter: 'httpPutFormContentFilter' to: [/*] 
2017:03:22 23:03:48.498 INFO  --- [localhost-startStop-1] o.s.b.w.s.FilterRegistrationBean : Mapping filter: 'requestContextFilter' to: [/*] 
2017:03:22 23:03:48.773 INFO  --- [restartedMain] o.s.j.datasource.init.ScriptUtils : Executing SQL script from URL [file:/Users/dev/workspace/sf-template-web/build/classes/main/schema.sql] 
2017:03:22 23:03:48.784 INFO  --- [restartedMain] o.s.j.datasource.init.ScriptUtils : Executed SQL script from URL [file:/Users/dev/workspace/sf-template-web/build/classes/main/schema.sql] in 11 ms. 
2017:03:22 23:03:48.849 INFO  --- [restartedMain] o.s.o.j.LocalContainerEntityManagerFactoryBean : Building JPA container EntityManagerFactory for persistence unit 'default' 
2017:03:22 23:03:50.022 INFO  --- [restartedMain] o.s.o.j.LocalContainerEntityManagerFactoryBean : Initialized JPA EntityManagerFactory for persistence unit 'default' 
2017:03:22 23:03:50.309 INFO  --- [restartedMain] o.s.w.s.m.m.a.RequestMappingHandlerAdapter : Looking for @ControllerAdvice: org.springframework.boot.context.embedded.AnnotationConfigEmbeddedWebApplicationContext@c0668bf: startup date [Wed Mar 22 23:03:47 KST 2017]; root of context hierarchy 
2017:03:22 23:03:50.364 INFO  --- [restartedMain] o.s.w.s.m.m.a.RequestMappingHandlerMapping : Mapped "{[/]}" onto public java.lang.String com.exem.sf.controller.HomeController.home() 
2017:03:22 23:03:50.366 INFO  --- [restartedMain] o.s.w.s.m.m.a.RequestMappingHandlerMapping : Mapped "{[/error]}" onto public org.springframework.http.ResponseEntity<java.util.Map<java.lang.String, java.lang.Object>> org.springframework.boot.autoconfigure.web.BasicErrorController.error(javax.servlet.http.HttpServletRequest) 
2017:03:22 23:03:50.366 INFO  --- [restartedMain] o.s.w.s.m.m.a.RequestMappingHandlerMapping : Mapped "{[/error],produces=[text/html]}" onto public org.springframework.web.servlet.ModelAndView org.springframework.boot.autoconfigure.web.BasicErrorController.errorHtml(javax.servlet.http.HttpServletRequest,javax.servlet.http.HttpServletResponse) 
2017:03:22 23:03:50.396 INFO  --- [restartedMain] o.s.w.s.h.SimpleUrlHandlerMapping : Mapped URL path [/webjars/**] onto handler of type [class org.springframework.web.servlet.resource.ResourceHttpRequestHandler] 
2017:03:22 23:03:50.396 INFO  --- [restartedMain] o.s.w.s.h.SimpleUrlHandlerMapping : Mapped URL path [/**] onto handler of type [class org.springframework.web.servlet.resource.ResourceHttpRequestHandler] 
2017:03:22 23:03:50.421 INFO  --- [restartedMain] o.s.w.s.h.SimpleUrlHandlerMapping : Mapped URL path [/**/favicon.ico] onto handler of type [class org.springframework.web.servlet.resource.ResourceHttpRequestHandler] 
2017:03:22 23:03:50.439 INFO  --- [restartedMain] o.s.b.a.w.WebMvcAutoConfiguration$WelcomePageHandlerMapping : Adding welcome page: class path resource [static/index.html] 
2017:03:22 23:03:50.865 INFO  --- [restartedMain] o.s.b.d.a.OptionalLiveReloadServer : LiveReload server is running on port 35729 
2017:03:22 23:03:50.904 INFO  --- [restartedMain] o.s.j.e.a.AnnotationMBeanExporter : Registering beans for JMX exposure on startup 
2017:03:22 23:03:50.946 INFO  --- [restartedMain] o.s.b.c.e.t.TomcatEmbeddedServletContainer : Tomcat started on port(s): 8080 (http) 
2017:03:22 23:03:50.950 INFO  --- [restartedMain] c.exem.sf.SfTemplateWebApplication : Started SfTemplateWebApplication in 4.203 seconds (JVM running for 4.524) 
2017:03:22 23:04:06.204 INFO  --- [http-nio-8080-exec-1] o.a.c.c.C.[Tomcat].[localhost].[/] : Initializing Spring FrameworkServlet 'dispatcherServlet' 
2017:03:22 23:04:06.204 INFO  --- [http-nio-8080-exec-1] o.s.web.servlet.DispatcherServlet : FrameworkServlet 'dispatcherServlet': initialization started 
2017:03:22 23:04:06.213 INFO  --- [http-nio-8080-exec-1] o.s.web.servlet.DispatcherServlet : FrameworkServlet 'dispatcherServlet': initialization completed in 9 ms 
2017:03:22 23:04:31.564 INFO  --- [Thread-10] o.s.b.c.e.AnnotationConfigEmbeddedWebApplicationContext : Closing org.springframework.boot.context.embedded.AnnotationConfigEmbeddedWebApplicationContext@c0668bf: startup date [Wed Mar 22 23:03:47 KST 2017]; root of context hierarchy 
2017:03:22 23:04:31.566 INFO  --- [Thread-10] o.s.j.e.a.AnnotationMBeanExporter : Unregistering JMX-exposed beans on shutdown 
2017:03:22 23:04:31.567 INFO  --- [Thread-10] o.s.o.j.LocalContainerEntityManagerFactoryBean : Closing JPA EntityManagerFactory for persistence unit 'default' 
2017:03:22 23:04:34.255 INFO  --- [restartedMain] c.exem.sf.SfTemplateWebApplication : Starting SfTemplateWebApplication on devui-iMac.local with PID 32784 (/Users/dev/workspace/sf-template-web/build/classes/main started by dev in /Users/dev/workspace/sf-template-web) 
2017:03:22 23:04:34.265 INFO  --- [restartedMain] c.exem.sf.SfTemplateWebApplication : No active profile set, falling back to default profiles: default 
2017:03:22 23:04:34.336 INFO  --- [restartedMain] o.s.b.c.e.AnnotationConfigEmbeddedWebApplicationContext : Refreshing org.springframework.boot.context.embedded.AnnotationConfigEmbeddedWebApplicationContext@5d573dfa: startup date [Wed Mar 22 23:04:34 KST 2017]; root of context hierarchy 
2017:03:22 23:04:35.379 INFO  --- [restartedMain] o.s.c.s.PostProcessorRegistrationDelegate$BeanPostProcessorChecker : Bean 'org.springframework.transaction.annotation.ProxyTransactionManagementConfiguration' of type [org.springframework.transaction.annotation.ProxyTransactionManagementConfiguration$$EnhancerBySpringCGLIB$$cc46cf46] is not eligible for getting processed by all BeanPostProcessors (for example: not eligible for auto-proxying) 
2017:03:22 23:04:35.608 INFO  --- [restartedMain] o.s.b.c.e.t.TomcatEmbeddedServletContainer : Tomcat initialized with port(s): 8080 (http) 
2017:03:22 23:04:35.616 INFO  --- [restartedMain] o.a.catalina.core.StandardService : Starting service Tomcat 
2017:03:22 23:04:35.617 INFO  --- [restartedMain] o.a.catalina.core.StandardEngine : Starting Servlet Engine: Apache Tomcat/8.5.11 
2017:03:22 23:04:35.679 INFO  --- [localhost-startStop-1] o.a.c.c.C.[Tomcat].[localhost].[/] : Initializing Spring embedded WebApplicationContext 
2017:03:22 23:04:35.680 INFO  --- [localhost-startStop-1] o.s.web.context.ContextLoader : Root WebApplicationContext: initialization completed in 1344 ms 
2017:03:22 23:04:35.770 INFO  --- [localhost-startStop-1] o.s.b.w.s.ServletRegistrationBean : Mapping servlet: 'dispatcherServlet' to [/] 
2017:03:22 23:04:35.772 INFO  --- [localhost-startStop-1] o.s.b.w.s.FilterRegistrationBean : Mapping filter: 'characterEncodingFilter' to: [/*] 
2017:03:22 23:04:35.773 INFO  --- [localhost-startStop-1] o.s.b.w.s.FilterRegistrationBean : Mapping filter: 'hiddenHttpMethodFilter' to: [/*] 
2017:03:22 23:04:35.773 INFO  --- [localhost-startStop-1] o.s.b.w.s.FilterRegistrationBean : Mapping filter: 'httpPutFormContentFilter' to: [/*] 
2017:03:22 23:04:35.773 INFO  --- [localhost-startStop-1] o.s.b.w.s.FilterRegistrationBean : Mapping filter: 'requestContextFilter' to: [/*] 
2017:03:22 23:04:36.075 INFO  --- [restartedMain] o.s.j.datasource.init.ScriptUtils : Executing SQL script from URL [file:/Users/dev/workspace/sf-template-web/build/classes/main/schema.sql] 
2017:03:22 23:04:36.090 INFO  --- [restartedMain] o.s.j.datasource.init.ScriptUtils : Executed SQL script from URL [file:/Users/dev/workspace/sf-template-web/build/classes/main/schema.sql] in 14 ms. 
2017:03:22 23:04:36.177 INFO  --- [restartedMain] o.s.o.j.LocalContainerEntityManagerFactoryBean : Building JPA container EntityManagerFactory for persistence unit 'default' 
2017:03:22 23:04:37.350 INFO  --- [restartedMain] o.s.o.j.LocalContainerEntityManagerFactoryBean : Initialized JPA EntityManagerFactory for persistence unit 'default' 
2017:03:22 23:04:37.618 INFO  --- [restartedMain] o.s.w.s.m.m.a.RequestMappingHandlerAdapter : Looking for @ControllerAdvice: org.springframework.boot.context.embedded.AnnotationConfigEmbeddedWebApplicationContext@5d573dfa: startup date [Wed Mar 22 23:04:34 KST 2017]; root of context hierarchy 
2017:03:22 23:04:37.667 INFO  --- [restartedMain] o.s.w.s.m.m.a.RequestMappingHandlerMapping : Mapped "{[/]}" onto public java.lang.String com.exem.sf.controller.HomeController.home() 
2017:03:22 23:04:37.669 INFO  --- [restartedMain] o.s.w.s.m.m.a.RequestMappingHandlerMapping : Mapped "{[/error]}" onto public org.springframework.http.ResponseEntity<java.util.Map<java.lang.String, java.lang.Object>> org.springframework.boot.autoconfigure.web.BasicErrorController.error(javax.servlet.http.HttpServletRequest) 
2017:03:22 23:04:37.669 INFO  --- [restartedMain] o.s.w.s.m.m.a.RequestMappingHandlerMapping : Mapped "{[/error],produces=[text/html]}" onto public org.springframework.web.servlet.ModelAndView org.springframework.boot.autoconfigure.web.BasicErrorController.errorHtml(javax.servlet.http.HttpServletRequest,javax.servlet.http.HttpServletResponse) 
2017:03:22 23:04:37.698 INFO  --- [restartedMain] o.s.w.s.h.SimpleUrlHandlerMapping : Mapped URL path [/webjars/**] onto handler of type [class org.springframework.web.servlet.resource.ResourceHttpRequestHandler] 
2017:03:22 23:04:37.698 INFO  --- [restartedMain] o.s.w.s.h.SimpleUrlHandlerMapping : Mapped URL path [/**] onto handler of type [class org.springframework.web.servlet.resource.ResourceHttpRequestHandler] 
2017:03:22 23:04:37.723 INFO  --- [restartedMain] o.s.w.s.h.SimpleUrlHandlerMapping : Mapped URL path [/**/favicon.ico] onto handler of type [class org.springframework.web.servlet.resource.ResourceHttpRequestHandler] 
2017:03:22 23:04:37.738 INFO  --- [restartedMain] o.s.b.a.w.WebMvcAutoConfiguration$WelcomePageHandlerMapping : Adding welcome page: class path resource [static/index.html] 
2017:03:22 23:04:38.124 INFO  --- [restartedMain] o.s.b.d.a.OptionalLiveReloadServer : LiveReload server is running on port 35729 
2017:03:22 23:04:38.157 INFO  --- [restartedMain] o.s.j.e.a.AnnotationMBeanExporter : Registering beans for JMX exposure on startup 
2017:03:22 23:04:38.195 INFO  --- [restartedMain] o.s.b.c.e.t.TomcatEmbeddedServletContainer : Tomcat started on port(s): 8080 (http) 
2017:03:22 23:04:38.198 INFO  --- [restartedMain] c.exem.sf.SfTemplateWebApplication : Started SfTemplateWebApplication in 4.229 seconds (JVM running for 4.543) 
2017:03:22 23:04:41.177 INFO  --- [http-nio-8080-exec-1] o.a.c.c.C.[Tomcat].[localhost].[/] : Initializing Spring FrameworkServlet 'dispatcherServlet' 
2017:03:22 23:04:41.177 INFO  --- [http-nio-8080-exec-1] o.s.web.servlet.DispatcherServlet : FrameworkServlet 'dispatcherServlet': initialization started 
2017:03:22 23:04:41.188 INFO  --- [http-nio-8080-exec-1] o.s.web.servlet.DispatcherServlet : FrameworkServlet 'dispatcherServlet': initialization completed in 11 ms 
2017:03:22 23:09:51.284 INFO  --- [Thread-7] o.s.b.c.e.AnnotationConfigEmbeddedWebApplicationContext : Closing org.springframework.boot.context.embedded.AnnotationConfigEmbeddedWebApplicationContext@5d573dfa: startup date [Wed Mar 22 23:04:34 KST 2017]; root of context hierarchy 
2017:03:22 23:09:51.285 INFO  --- [Thread-7] o.s.j.e.a.AnnotationMBeanExporter : Unregistering JMX-exposed beans on shutdown 
2017:03:22 23:09:51.286 INFO  --- [Thread-7] o.s.o.j.LocalContainerEntityManagerFactoryBean : Closing JPA EntityManagerFactory for persistence unit 'default' 
2017:03:22 23:09:51.803 INFO  --- [restartedMain] c.exem.sf.SfTemplateWebApplication : Starting SfTemplateWebApplication on devui-iMac.local with PID 32784 (/Users/dev/workspace/sf-template-web/build/classes/main started by dev in /Users/dev/workspace/sf-template-web) 
2017:03:22 23:09:51.803 INFO  --- [restartedMain] c.exem.sf.SfTemplateWebApplication : No active profile set, falling back to default profiles: default 
2017:03:22 23:09:51.805 INFO  --- [restartedMain] o.s.b.c.e.AnnotationConfigEmbeddedWebApplicationContext : Refreshing org.springframework.boot.context.embedded.AnnotationConfigEmbeddedWebApplicationContext@3780a771: startup date [Wed Mar 22 23:09:51 KST 2017]; root of context hierarchy 
2017:03:22 23:09:52.015 INFO  --- [restartedMain] o.s.c.s.PostProcessorRegistrationDelegate$BeanPostProcessorChecker : Bean 'org.springframework.transaction.annotation.ProxyTransactionManagementConfiguration' of type [org.springframework.transaction.annotation.ProxyTransactionManagementConfiguration$$EnhancerBySpringCGLIB$$cc46cf46] is not eligible for getting processed by all BeanPostProcessors (for example: not eligible for auto-proxying) 
2017:03:22 23:09:52.047 INFO  --- [restartedMain] o.s.b.c.e.t.TomcatEmbeddedServletContainer : Tomcat initialized with port(s): 8080 (http) 
2017:03:22 23:09:52.048 INFO  --- [restartedMain] o.a.catalina.core.StandardService : Starting service Tomcat 
2017:03:22 23:09:52.048 INFO  --- [restartedMain] o.a.catalina.core.StandardEngine : Starting Servlet Engine: Apache Tomcat/8.5.11 
2017:03:22 23:09:52.051 INFO  --- [localhost-startStop-1] o.a.c.c.C.[Tomcat].[localhost].[/] : Initializing Spring embedded WebApplicationContext 
2017:03:22 23:09:52.052 INFO  --- [localhost-startStop-1] o.s.web.context.ContextLoader : Root WebApplicationContext: initialization completed in 247 ms 
2017:03:22 23:09:52.079 INFO  --- [localhost-startStop-1] o.s.b.w.s.ServletRegistrationBean : Mapping servlet: 'dispatcherServlet' to [/] 
2017:03:22 23:09:52.079 INFO  --- [localhost-startStop-1] o.s.b.w.s.FilterRegistrationBean : Mapping filter: 'characterEncodingFilter' to: [/*] 
2017:03:22 23:09:52.079 INFO  --- [localhost-startStop-1] o.s.b.w.s.FilterRegistrationBean : Mapping filter: 'hiddenHttpMethodFilter' to: [/*] 
2017:03:22 23:09:52.079 INFO  --- [localhost-startStop-1] o.s.b.w.s.FilterRegistrationBean : Mapping filter: 'httpPutFormContentFilter' to: [/*] 
2017:03:22 23:09:52.079 INFO  --- [localhost-startStop-1] o.s.b.w.s.FilterRegistrationBean : Mapping filter: 'requestContextFilter' to: [/*] 
2017:03:22 23:09:52.248 INFO  --- [restartedMain] o.s.j.datasource.init.ScriptUtils : Executing SQL script from URL [file:/Users/dev/workspace/sf-template-web/build/classes/main/schema.sql] 
2017:03:22 23:09:52.253 INFO  --- [restartedMain] o.s.j.datasource.init.ScriptUtils : Executed SQL script from URL [file:/Users/dev/workspace/sf-template-web/build/classes/main/schema.sql] in 4 ms. 
2017:03:22 23:09:52.279 INFO  --- [restartedMain] o.s.o.j.LocalContainerEntityManagerFactoryBean : Building JPA container EntityManagerFactory for persistence unit 'default' 
2017:03:22 23:09:53.147 INFO  --- [restartedMain] o.s.o.j.LocalContainerEntityManagerFactoryBean : Initialized JPA EntityManagerFactory for persistence unit 'default' 
2017:03:22 23:09:53.226 INFO  --- [restartedMain] o.s.w.s.m.m.a.RequestMappingHandlerAdapter : Looking for @ControllerAdvice: org.springframework.boot.context.embedded.AnnotationConfigEmbeddedWebApplicationContext@3780a771: startup date [Wed Mar 22 23:09:51 KST 2017]; root of context hierarchy 
2017:03:22 23:09:53.234 INFO  --- [restartedMain] o.s.w.s.m.m.a.RequestMappingHandlerMapping : Mapped "{[/]}" onto public java.lang.String com.exem.sf.controller.HomeController.home() 
2017:03:22 23:09:53.235 INFO  --- [restartedMain] o.s.w.s.m.m.a.RequestMappingHandlerMapping : Mapped "{[/error]}" onto public org.springframework.http.ResponseEntity<java.util.Map<java.lang.String, java.lang.Object>> org.springframework.boot.autoconfigure.web.BasicErrorController.error(javax.servlet.http.HttpServletRequest) 
2017:03:22 23:09:53.236 INFO  --- [restartedMain] o.s.w.s.m.m.a.RequestMappingHandlerMapping : Mapped "{[/error],produces=[text/html]}" onto public org.springframework.web.servlet.ModelAndView org.springframework.boot.autoconfigure.web.BasicErrorController.errorHtml(javax.servlet.http.HttpServletRequest,javax.servlet.http.HttpServletResponse) 
2017:03:22 23:09:53.246 INFO  --- [restartedMain] o.s.w.s.h.SimpleUrlHandlerMapping : Mapped URL path [/webjars/**] onto handler of type [class org.springframework.web.servlet.resource.ResourceHttpRequestHandler] 
2017:03:22 23:09:53.246 INFO  --- [restartedMain] o.s.w.s.h.SimpleUrlHandlerMapping : Mapped URL path [/**] onto handler of type [class org.springframework.web.servlet.resource.ResourceHttpRequestHandler] 
2017:03:22 23:09:53.263 INFO  --- [restartedMain] o.s.w.s.h.SimpleUrlHandlerMapping : Mapped URL path [/**/favicon.ico] onto handler of type [class org.springframework.web.servlet.resource.ResourceHttpRequestHandler] 
2017:03:22 23:09:53.268 INFO  --- [restartedMain] o.s.b.a.w.WebMvcAutoConfiguration$WelcomePageHandlerMapping : Adding welcome page: class path resource [static/index.html] 
2017:03:22 23:09:53.701 INFO  --- [restartedMain] o.s.b.d.a.OptionalLiveReloadServer : LiveReload server is running on port 35729 
2017:03:22 23:09:53.738 INFO  --- [restartedMain] o.s.j.e.a.AnnotationMBeanExporter : Registering beans for JMX exposure on startup 
2017:03:22 23:09:53.747 INFO  --- [restartedMain] o.s.b.c.e.t.TomcatEmbeddedServletContainer : Tomcat started on port(s): 8080 (http) 
2017:03:22 23:09:53.749 INFO  --- [restartedMain] c.exem.sf.SfTemplateWebApplication : Started SfTemplateWebApplication in 2.3 seconds (JVM running for 320.094) 
2017:03:22 23:10:23.775 INFO  --- [Test worker] c.e.s.SfTemplateWebApplicationTests : Starting SfTemplateWebApplicationTests on devui-iMac.local with PID 32884 (started by dev in /Users/dev/workspace/sf-template-web) 
2017:03:22 23:10:23.777 INFO  --- [Test worker] c.e.s.SfTemplateWebApplicationTests : No active profile set, falling back to default profiles: default 
2017:03:22 23:10:23.803 INFO  --- [Test worker] o.s.w.c.s.GenericWebApplicationContext : Refreshing org.springframework.web.context.support.GenericWebApplicationContext@58cae47c: startup date [Wed Mar 22 23:10:23 KST 2017]; root of context hierarchy 
2017:03:22 23:10:24.518 INFO  --- [Test worker] o.s.c.s.PostProcessorRegistrationDelegate$BeanPostProcessorChecker : Bean 'org.springframework.transaction.annotation.ProxyTransactionManagementConfiguration' of type [org.springframework.transaction.annotation.ProxyTransactionManagementConfiguration$$EnhancerBySpringCGLIB$$9f4d8ec] is not eligible for getting processed by all BeanPostProcessors (for example: not eligible for auto-proxying) 
2017:03:22 23:10:24.845 INFO  --- [Test worker] o.s.j.datasource.init.ScriptUtils : Executing SQL script from URL [file:/Users/dev/workspace/sf-template-web/build/classes/main/schema.sql] 
2017:03:22 23:10:24.857 INFO  --- [Test worker] o.s.j.datasource.init.ScriptUtils : Executed SQL script from URL [file:/Users/dev/workspace/sf-template-web/build/classes/main/schema.sql] in 12 ms. 
2017:03:22 23:10:24.858 INFO  --- [Test worker] o.s.j.datasource.init.ScriptUtils : Executing SQL script from URL [file:/Users/dev/workspace/sf-template-web/build/resources/main/schema.sql] 
2017:03:22 23:10:24.861 INFO  --- [Test worker] o.s.j.datasource.init.ScriptUtils : Executed SQL script from URL [file:/Users/dev/workspace/sf-template-web/build/resources/main/schema.sql] in 3 ms. 
2017:03:22 23:10:24.956 INFO  --- [Test worker] o.s.o.j.LocalContainerEntityManagerFactoryBean : Building JPA container EntityManagerFactory for persistence unit 'default' 
2017:03:22 23:10:25.985 INFO  --- [Test worker] o.s.o.j.LocalContainerEntityManagerFactoryBean : Initialized JPA EntityManagerFactory for persistence unit 'default' 
2017:03:22 23:10:26.441 INFO  --- [Test worker] o.s.w.s.m.m.a.RequestMappingHandlerAdapter : Looking for @ControllerAdvice: org.springframework.web.context.support.GenericWebApplicationContext@58cae47c: startup date [Wed Mar 22 23:10:23 KST 2017]; root of context hierarchy 
2017:03:22 23:10:26.494 INFO  --- [Test worker] o.s.w.s.m.m.a.RequestMappingHandlerMapping : Mapped "{[/]}" onto public java.lang.String com.exem.sf.controller.HomeController.home() 
2017:03:22 23:10:26.497 INFO  --- [Test worker] o.s.w.s.m.m.a.RequestMappingHandlerMapping : Mapped "{[/error]}" onto public org.springframework.http.ResponseEntity<java.util.Map<java.lang.String, java.lang.Object>> org.springframework.boot.autoconfigure.web.BasicErrorController.error(javax.servlet.http.HttpServletRequest) 
2017:03:22 23:10:26.497 INFO  --- [Test worker] o.s.w.s.m.m.a.RequestMappingHandlerMapping : Mapped "{[/error],produces=[text/html]}" onto public org.springframework.web.servlet.ModelAndView org.springframework.boot.autoconfigure.web.BasicErrorController.errorHtml(javax.servlet.http.HttpServletRequest,javax.servlet.http.HttpServletResponse) 
2017:03:22 23:10:26.536 INFO  --- [Test worker] o.s.w.s.h.SimpleUrlHandlerMapping : Mapped URL path [/webjars/**] onto handler of type [class org.springframework.web.servlet.resource.ResourceHttpRequestHandler] 
2017:03:22 23:10:26.537 INFO  --- [Test worker] o.s.w.s.h.SimpleUrlHandlerMapping : Mapped URL path [/**] onto handler of type [class org.springframework.web.servlet.resource.ResourceHttpRequestHandler] 
2017:03:22 23:10:26.565 INFO  --- [Test worker] o.s.w.s.h.SimpleUrlHandlerMapping : Mapped URL path [/**/favicon.ico] onto handler of type [class org.springframework.web.servlet.resource.ResourceHttpRequestHandler] 
2017:03:22 23:10:26.582 INFO  --- [Test worker] o.s.b.a.w.WebMvcAutoConfiguration$WelcomePageHandlerMapping : Adding welcome page: ServletContext resource [/index.html] 
2017:03:22 23:10:26.734 INFO  --- [Test worker] c.e.s.SfTemplateWebApplicationTests : Started SfTemplateWebApplicationTests in 3.182 seconds (JVM running for 3.733) 
2017:03:22 23:10:26.763 INFO  --- [Thread-7] o.s.w.c.s.GenericWebApplicationContext : Closing org.springframework.web.context.support.GenericWebApplicationContext@58cae47c: startup date [Wed Mar 22 23:10:23 KST 2017]; root of context hierarchy 
2017:03:22 23:10:26.766 INFO  --- [Thread-7] o.s.o.j.LocalContainerEntityManagerFactoryBean : Closing JPA EntityManagerFactory for persistence unit 'default' 
2017:03:22 23:12:34.835 INFO  --- [http-nio-8080-exec-1] o.a.c.c.C.[Tomcat].[localhost].[/] : Initializing Spring FrameworkServlet 'dispatcherServlet' 
2017:03:22 23:12:34.835 INFO  --- [http-nio-8080-exec-1] o.s.web.servlet.DispatcherServlet : FrameworkServlet 'dispatcherServlet': initialization started 
2017:03:22 23:12:34.837 INFO  --- [http-nio-8080-exec-1] o.s.web.servlet.DispatcherServlet : FrameworkServlet 'dispatcherServlet': initialization completed in 2 ms 
2017:03:22 23:21:37.424 INFO  --- [Thread-17] o.s.b.c.e.AnnotationConfigEmbeddedWebApplicationContext : Closing org.springframework.boot.context.embedded.AnnotationConfigEmbeddedWebApplicationContext@3780a771: startup date [Wed Mar 22 23:09:51 KST 2017]; root of context hierarchy 
2017:03:22 23:21:37.425 INFO  --- [Thread-17] o.s.j.e.a.AnnotationMBeanExporter : Unregistering JMX-exposed beans on shutdown 
2017:03:22 23:21:37.425 INFO  --- [Thread-17] o.s.o.j.LocalContainerEntityManagerFactoryBean : Closing JPA EntityManagerFactory for persistence unit 'default' 
2017:03:22 23:21:58.422 INFO  --- [restartedMain] c.exem.sf.SfTemplateWebApplication : Starting SfTemplateWebApplication on devui-iMac.local with PID 32935 (/Users/dev/workspace/sf-template-web/build/classes/main started by dev in /Users/dev/workspace/sf-template-web) 
2017:03:22 23:21:58.428 INFO  --- [restartedMain] c.exem.sf.SfTemplateWebApplication : No active profile set, falling back to default profiles: default 
2017:03:22 23:21:58.463 INFO  --- [restartedMain] o.s.b.c.e.AnnotationConfigEmbeddedWebApplicationContext : Refreshing org.springframework.boot.context.embedded.AnnotationConfigEmbeddedWebApplicationContext@371b3117: startup date [Wed Mar 22 23:21:58 KST 2017]; root of context hierarchy 
2017:03:22 23:21:59.391 INFO  --- [restartedMain] o.s.c.s.PostProcessorRegistrationDelegate$BeanPostProcessorChecker : Bean 'org.springframework.transaction.annotation.ProxyTransactionManagementConfiguration' of type [org.springframework.transaction.annotation.ProxyTransactionManagementConfiguration$$EnhancerBySpringCGLIB$$3cd313ce] is not eligible for getting processed by all BeanPostProcessors (for example: not eligible for auto-proxying) 
2017:03:22 23:21:59.677 INFO  --- [restartedMain] o.s.b.c.e.t.TomcatEmbeddedServletContainer : Tomcat initialized with port(s): 8080 (http) 
2017:03:22 23:21:59.687 INFO  --- [restartedMain] o.a.catalina.core.StandardService : Starting service Tomcat 
2017:03:22 23:21:59.688 INFO  --- [restartedMain] o.a.catalina.core.StandardEngine : Starting Servlet Engine: Apache Tomcat/8.5.11 
2017:03:22 23:21:59.765 INFO  --- [localhost-startStop-1] o.a.c.c.C.[Tomcat].[localhost].[/] : Initializing Spring embedded WebApplicationContext 
2017:03:22 23:21:59.765 INFO  --- [localhost-startStop-1] o.s.web.context.ContextLoader : Root WebApplicationContext: initialization completed in 1302 ms 
2017:03:22 23:21:59.888 INFO  --- [localhost-startStop-1] o.s.b.w.s.ServletRegistrationBean : Mapping servlet: 'dispatcherServlet' to [/] 
2017:03:22 23:21:59.892 INFO  --- [localhost-startStop-1] o.s.b.w.s.FilterRegistrationBean : Mapping filter: 'characterEncodingFilter' to: [/*] 
2017:03:22 23:21:59.892 INFO  --- [localhost-startStop-1] o.s.b.w.s.FilterRegistrationBean : Mapping filter: 'hiddenHttpMethodFilter' to: [/*] 
2017:03:22 23:21:59.892 INFO  --- [localhost-startStop-1] o.s.b.w.s.FilterRegistrationBean : Mapping filter: 'httpPutFormContentFilter' to: [/*] 
2017:03:22 23:21:59.893 INFO  --- [localhost-startStop-1] o.s.b.w.s.FilterRegistrationBean : Mapping filter: 'requestContextFilter' to: [/*] 
2017:03:22 23:22:00.190 INFO  --- [restartedMain] o.s.j.datasource.init.ScriptUtils : Executing SQL script from URL [file:/Users/dev/workspace/sf-template-web/build/classes/main/schema.sql] 
2017:03:22 23:22:00.200 INFO  --- [restartedMain] o.s.j.datasource.init.ScriptUtils : Executed SQL script from URL [file:/Users/dev/workspace/sf-template-web/build/classes/main/schema.sql] in 10 ms. 
2017:03:22 23:22:00.201 INFO  --- [restartedMain] o.s.j.datasource.init.ScriptUtils : Executing SQL script from URL [file:/Users/dev/workspace/sf-template-web/build/resources/main/schema.sql] 
2017:03:22 23:22:00.204 INFO  --- [restartedMain] o.s.j.datasource.init.ScriptUtils : Executed SQL script from URL [file:/Users/dev/workspace/sf-template-web/build/resources/main/schema.sql] in 3 ms. 
2017:03:22 23:22:00.263 INFO  --- [restartedMain] o.s.o.j.LocalContainerEntityManagerFactoryBean : Building JPA container EntityManagerFactory for persistence unit 'default' 
2017:03:22 23:22:01.586 INFO  --- [restartedMain] o.s.o.j.LocalContainerEntityManagerFactoryBean : Initialized JPA EntityManagerFactory for persistence unit 'default' 
2017:03:22 23:22:01.942 INFO  --- [restartedMain] o.s.w.s.m.m.a.RequestMappingHandlerAdapter : Looking for @ControllerAdvice: org.springframework.boot.context.embedded.AnnotationConfigEmbeddedWebApplicationContext@371b3117: startup date [Wed Mar 22 23:21:58 KST 2017]; root of context hierarchy 
2017:03:22 23:22:02.010 INFO  --- [restartedMain] o.s.w.s.m.m.a.RequestMappingHandlerMapping : Mapped "{[/]}" onto public java.lang.String com.exem.sf.controller.HomeController.home() 
2017:03:22 23:22:02.013 INFO  --- [restartedMain] o.s.w.s.m.m.a.RequestMappingHandlerMapping : Mapped "{[/error]}" onto public org.springframework.http.ResponseEntity<java.util.Map<java.lang.String, java.lang.Object>> org.springframework.boot.autoconfigure.web.BasicErrorController.error(javax.servlet.http.HttpServletRequest) 
2017:03:22 23:22:02.013 INFO  --- [restartedMain] o.s.w.s.m.m.a.RequestMappingHandlerMapping : Mapped "{[/error],produces=[text/html]}" onto public org.springframework.web.servlet.ModelAndView org.springframework.boot.autoconfigure.web.BasicErrorController.errorHtml(javax.servlet.http.HttpServletRequest,javax.servlet.http.HttpServletResponse) 
2017:03:22 23:22:02.050 INFO  --- [restartedMain] o.s.w.s.h.SimpleUrlHandlerMapping : Mapped URL path [/webjars/**] onto handler of type [class org.springframework.web.servlet.resource.ResourceHttpRequestHandler] 
2017:03:22 23:22:02.050 INFO  --- [restartedMain] o.s.w.s.h.SimpleUrlHandlerMapping : Mapped URL path [/**] onto handler of type [class org.springframework.web.servlet.resource.ResourceHttpRequestHandler] 
2017:03:22 23:22:02.086 INFO  --- [restartedMain] o.s.w.s.h.SimpleUrlHandlerMapping : Mapped URL path [/**/favicon.ico] onto handler of type [class org.springframework.web.servlet.resource.ResourceHttpRequestHandler] 
2017:03:22 23:22:02.106 INFO  --- [restartedMain] o.s.b.a.w.WebMvcAutoConfiguration$WelcomePageHandlerMapping : Adding welcome page: class path resource [static/index.html] 
2017:03:22 23:22:02.948 INFO  --- [restartedMain] o.s.b.d.a.OptionalLiveReloadServer : LiveReload server is running on port 35729 
2017:03:22 23:22:02.996 INFO  --- [restartedMain] o.s.j.e.a.AnnotationMBeanExporter : Registering beans for JMX exposure on startup 
2017:03:22 23:22:03.045 INFO  --- [restartedMain] o.s.b.c.e.t.TomcatEmbeddedServletContainer : Tomcat started on port(s): 8080 (http) 
2017:03:22 23:22:03.049 INFO  --- [restartedMain] c.exem.sf.SfTemplateWebApplication : Started SfTemplateWebApplication in 5.243 seconds (JVM running for 5.617) 
2017:03:22 23:22:08.466 INFO  --- [restartedMain] c.exem.sf.SfTemplateWebApplication : Starting SfTemplateWebApplication on devui-iMac.local with PID 32938 (/Users/dev/workspace/sf-template-web/build/classes/main started by dev in /Users/dev/workspace/sf-template-web) 
2017:03:22 23:22:08.474 INFO  --- [restartedMain] c.exem.sf.SfTemplateWebApplication : No active profile set, falling back to default profiles: default 
2017:03:22 23:22:08.556 INFO  --- [restartedMain] o.s.b.c.e.AnnotationConfigEmbeddedWebApplicationContext : Refreshing org.springframework.boot.context.embedded.AnnotationConfigEmbeddedWebApplicationContext@c0668bf: startup date [Wed Mar 22 23:22:08 KST 2017]; root of context hierarchy 
2017:03:22 23:22:09.801 INFO  --- [restartedMain] o.s.c.s.PostProcessorRegistrationDelegate$BeanPostProcessorChecker : Bean 'org.springframework.transaction.annotation.ProxyTransactionManagementConfiguration' of type [org.springframework.transaction.annotation.ProxyTransactionManagementConfiguration$$EnhancerBySpringCGLIB$$db42d6b3] is not eligible for getting processed by all BeanPostProcessors (for example: not eligible for auto-proxying) 
2017:03:22 23:22:10.068 INFO  --- [restartedMain] o.s.b.c.e.t.TomcatEmbeddedServletContainer : Tomcat initialized with port(s): 8080 (http) 
2017:03:22 23:22:10.078 INFO  --- [restartedMain] o.a.catalina.core.StandardService : Starting service Tomcat 
2017:03:22 23:22:10.079 INFO  --- [restartedMain] o.a.catalina.core.StandardEngine : Starting Servlet Engine: Apache Tomcat/8.5.11 
2017:03:22 23:22:10.138 INFO  --- [localhost-startStop-1] o.a.c.c.C.[Tomcat].[localhost].[/] : Initializing Spring embedded WebApplicationContext 
2017:03:22 23:22:10.139 INFO  --- [localhost-startStop-1] o.s.web.context.ContextLoader : Root WebApplicationContext: initialization completed in 1583 ms 
2017:03:22 23:22:10.239 INFO  --- [localhost-startStop-1] o.s.b.w.s.ServletRegistrationBean : Mapping servlet: 'dispatcherServlet' to [/] 
2017:03:22 23:22:10.241 INFO  --- [localhost-startStop-1] o.s.b.w.s.FilterRegistrationBean : Mapping filter: 'characterEncodingFilter' to: [/*] 
2017:03:22 23:22:10.242 INFO  --- [localhost-startStop-1] o.s.b.w.s.FilterRegistrationBean : Mapping filter: 'hiddenHttpMethodFilter' to: [/*] 
2017:03:22 23:22:10.242 INFO  --- [localhost-startStop-1] o.s.b.w.s.FilterRegistrationBean : Mapping filter: 'httpPutFormContentFilter' to: [/*] 
2017:03:22 23:22:10.242 INFO  --- [localhost-startStop-1] o.s.b.w.s.FilterRegistrationBean : Mapping filter: 'requestContextFilter' to: [/*] 
2017:03:22 23:22:10.536 INFO  --- [restartedMain] o.s.j.datasource.init.ScriptUtils : Executing SQL script from URL [file:/Users/dev/workspace/sf-template-web/build/classes/main/schema.sql] 
2017:03:22 23:22:10.546 INFO  --- [restartedMain] o.s.j.datasource.init.ScriptUtils : Executed SQL script from URL [file:/Users/dev/workspace/sf-template-web/build/classes/main/schema.sql] in 10 ms. 
2017:03:22 23:22:10.615 INFO  --- [restartedMain] o.s.o.j.LocalContainerEntityManagerFactoryBean : Building JPA container EntityManagerFactory for persistence unit 'default' 
2017:03:22 23:22:10.738 INFO  --- [Thread-7] o.s.b.c.e.AnnotationConfigEmbeddedWebApplicationContext : Closing org.springframework.boot.context.embedded.AnnotationConfigEmbeddedWebApplicationContext@371b3117: startup date [Wed Mar 22 23:21:58 KST 2017]; root of context hierarchy 
2017:03:22 23:22:10.739 INFO  --- [Thread-7] o.s.j.e.a.AnnotationMBeanExporter : Unregistering JMX-exposed beans on shutdown 
2017:03:22 23:22:10.740 INFO  --- [Thread-7] o.s.o.j.LocalContainerEntityManagerFactoryBean : Closing JPA EntityManagerFactory for persistence unit 'default' 
2017:03:22 23:22:10.922 INFO  --- [restartedMain] c.exem.sf.SfTemplateWebApplication : Starting SfTemplateWebApplication on devui-iMac.local with PID 32935 (/Users/dev/workspace/sf-template-web/build/classes/main started by dev in /Users/dev/workspace/sf-template-web) 
2017:03:22 23:22:10.922 INFO  --- [restartedMain] c.exem.sf.SfTemplateWebApplication : No active profile set, falling back to default profiles: default 
2017:03:22 23:22:10.924 INFO  --- [restartedMain] o.s.b.c.e.AnnotationConfigEmbeddedWebApplicationContext : Refreshing org.springframework.boot.context.embedded.AnnotationConfigEmbeddedWebApplicationContext@42537c7b: startup date [Wed Mar 22 23:22:10 KST 2017]; root of context hierarchy 
2017:03:22 23:22:11.171 INFO  --- [restartedMain] o.s.c.s.PostProcessorRegistrationDelegate$BeanPostProcessorChecker : Bean 'org.springframework.transaction.annotation.ProxyTransactionManagementConfiguration' of type [org.springframework.transaction.annotation.ProxyTransactionManagementConfiguration$$EnhancerBySpringCGLIB$$3cd313ce] is not eligible for getting processed by all BeanPostProcessors (for example: not eligible for auto-proxying) 
2017:03:22 23:22:11.209 INFO  --- [restartedMain] o.s.b.c.e.t.TomcatEmbeddedServletContainer : Tomcat initialized with port(s): 8080 (http) 
2017:03:22 23:22:11.210 INFO  --- [restartedMain] o.a.catalina.core.StandardService : Starting service Tomcat 
2017:03:22 23:22:11.210 INFO  --- [restartedMain] o.a.catalina.core.StandardEngine : Starting Servlet Engine: Apache Tomcat/8.5.11 
2017:03:22 23:22:11.213 INFO  --- [localhost-startStop-1] o.a.c.c.C.[Tomcat].[localhost].[/] : Initializing Spring embedded WebApplicationContext 
2017:03:22 23:22:11.215 INFO  --- [localhost-startStop-1] o.s.web.context.ContextLoader : Root WebApplicationContext: initialization completed in 291 ms 
2017:03:22 23:22:11.240 INFO  --- [localhost-startStop-1] o.s.b.w.s.ServletRegistrationBean : Mapping servlet: 'dispatcherServlet' to [/] 
2017:03:22 23:22:11.240 INFO  --- [localhost-startStop-1] o.s.b.w.s.FilterRegistrationBean : Mapping filter: 'characterEncodingFilter' to: [/*] 
2017:03:22 23:22:11.241 INFO  --- [localhost-startStop-1] o.s.b.w.s.FilterRegistrationBean : Mapping filter: 'hiddenHttpMethodFilter' to: [/*] 
2017:03:22 23:22:11.241 INFO  --- [localhost-startStop-1] o.s.b.w.s.FilterRegistrationBean : Mapping filter: 'httpPutFormContentFilter' to: [/*] 
2017:03:22 23:22:11.241 INFO  --- [localhost-startStop-1] o.s.b.w.s.FilterRegistrationBean : Mapping filter: 'requestContextFilter' to: [/*] 
2017:03:22 23:22:11.395 INFO  --- [restartedMain] o.s.j.datasource.init.ScriptUtils : Executing SQL script from URL [file:/Users/dev/workspace/sf-template-web/build/classes/main/schema.sql] 
2017:03:22 23:22:11.398 INFO  --- [restartedMain] o.s.j.datasource.init.ScriptUtils : Executed SQL script from URL [file:/Users/dev/workspace/sf-template-web/build/classes/main/schema.sql] in 3 ms. 
2017:03:22 23:22:11.398 INFO  --- [restartedMain] o.s.j.datasource.init.ScriptUtils : Executing SQL script from URL [file:/Users/dev/workspace/sf-template-web/build/resources/main/schema.sql] 
2017:03:22 23:22:11.402 INFO  --- [restartedMain] o.s.j.datasource.init.ScriptUtils : Executed SQL script from URL [file:/Users/dev/workspace/sf-template-web/build/resources/main/schema.sql] in 4 ms. 
2017:03:22 23:22:11.420 INFO  --- [restartedMain] o.s.o.j.LocalContainerEntityManagerFactoryBean : Building JPA container EntityManagerFactory for persistence unit 'default' 
2017:03:22 23:22:11.971 INFO  --- [restartedMain] o.s.o.j.LocalContainerEntityManagerFactoryBean : Initialized JPA EntityManagerFactory for persistence unit 'default' 
2017:03:22 23:22:12.264 INFO  --- [restartedMain] o.s.w.s.m.m.a.RequestMappingHandlerAdapter : Looking for @ControllerAdvice: org.springframework.boot.context.embedded.AnnotationConfigEmbeddedWebApplicationContext@c0668bf: startup date [Wed Mar 22 23:22:08 KST 2017]; root of context hierarchy 
2017:03:22 23:22:12.314 INFO  --- [restartedMain] o.s.w.s.m.m.a.RequestMappingHandlerMapping : Mapped "{[/]}" onto public java.lang.String com.exem.sf.controller.HomeController.home() 
2017:03:22 23:22:12.316 INFO  --- [restartedMain] o.s.w.s.m.m.a.RequestMappingHandlerMapping : Mapped "{[/error]}" onto public org.springframework.http.ResponseEntity<java.util.Map<java.lang.String, java.lang.Object>> org.springframework.boot.autoconfigure.web.BasicErrorController.error(javax.servlet.http.HttpServletRequest) 
2017:03:22 23:22:12.316 INFO  --- [restartedMain] o.s.w.s.m.m.a.RequestMappingHandlerMapping : Mapped "{[/error],produces=[text/html]}" onto public org.springframework.web.servlet.ModelAndView org.springframework.boot.autoconfigure.web.BasicErrorController.errorHtml(javax.servlet.http.HttpServletRequest,javax.servlet.http.HttpServletResponse) 
2017:03:22 23:22:12.347 INFO  --- [restartedMain] o.s.w.s.h.SimpleUrlHandlerMapping : Mapped URL path [/webjars/**] onto handler of type [class org.springframework.web.servlet.resource.ResourceHttpRequestHandler] 
2017:03:22 23:22:12.347 INFO  --- [restartedMain] o.s.w.s.h.SimpleUrlHandlerMapping : Mapped URL path [/**] onto handler of type [class org.springframework.web.servlet.resource.ResourceHttpRequestHandler] 
2017:03:22 23:22:12.373 INFO  --- [restartedMain] o.s.w.s.h.SimpleUrlHandlerMapping : Mapped URL path [/**/favicon.ico] onto handler of type [class org.springframework.web.servlet.resource.ResourceHttpRequestHandler] 
2017:03:22 23:22:12.388 INFO  --- [restartedMain] o.s.b.a.w.WebMvcAutoConfiguration$WelcomePageHandlerMapping : Adding welcome page: class path resource [static/index.html] 
2017:03:22 23:22:12.801 INFO  --- [restartedMain] o.s.b.d.a.OptionalLiveReloadServer : LiveReload server is running on port 35729 
2017:03:22 23:22:12.835 INFO  --- [restartedMain] o.s.j.e.a.AnnotationMBeanExporter : Registering beans for JMX exposure on startup 
2017:03:22 23:22:12.871 INFO  --- [restartedMain] o.s.b.c.e.t.TomcatEmbeddedServletContainer : Tomcat started on port(s): 8080 (http) 
2017:03:22 23:22:12.875 INFO  --- [restartedMain] c.exem.sf.SfTemplateWebApplication : Started SfTemplateWebApplication in 4.704 seconds (JVM running for 5.022) 
2017:03:22 23:22:19.886 INFO  --- [http-nio-8080-exec-1] o.a.c.c.C.[Tomcat].[localhost].[/] : Initializing Spring FrameworkServlet 'dispatcherServlet' 
2017:03:22 23:22:19.886 INFO  --- [http-nio-8080-exec-1] o.s.web.servlet.DispatcherServlet : FrameworkServlet 'dispatcherServlet': initialization started 
2017:03:22 23:22:19.896 INFO  --- [http-nio-8080-exec-1] o.s.web.servlet.DispatcherServlet : FrameworkServlet 'dispatcherServlet': initialization completed in 10 ms 
2017:03:22 23:26:45.985 INFO  --- [Thread-10] o.s.b.c.e.AnnotationConfigEmbeddedWebApplicationContext : Closing org.springframework.boot.context.embedded.AnnotationConfigEmbeddedWebApplicationContext@c0668bf: startup date [Wed Mar 22 23:22:08 KST 2017]; root of context hierarchy 
2017:03:22 23:26:45.987 INFO  --- [Thread-10] o.s.j.e.a.AnnotationMBeanExporter : Unregistering JMX-exposed beans on shutdown 
2017:03:22 23:26:45.988 INFO  --- [Thread-10] o.s.o.j.LocalContainerEntityManagerFactoryBean : Closing JPA EntityManagerFactory for persistence unit 'default' 
2017:03:22 23:26:53.200 INFO  --- [restartedMain] c.exem.sf.SfTemplateWebApplication : Starting SfTemplateWebApplication on devui-iMac.local with PID 32965 (/Users/dev/workspace/sf-template-web/build/classes/main started by dev in /Users/dev/workspace/sf-template-web) 
2017:03:22 23:26:53.208 INFO  --- [restartedMain] c.exem.sf.SfTemplateWebApplication : No active profile set, falling back to default profiles: default 
2017:03:22 23:26:53.257 INFO  --- [restartedMain] o.s.b.c.e.AnnotationConfigEmbeddedWebApplicationContext : Refreshing org.springframework.boot.context.embedded.AnnotationConfigEmbeddedWebApplicationContext@c0668bf: startup date [Wed Mar 22 23:26:53 KST 2017]; root of context hierarchy 
2017:03:22 23:26:54.092 INFO  --- [restartedMain] o.s.c.s.PostProcessorRegistrationDelegate$BeanPostProcessorChecker : Bean 'org.springframework.transaction.annotation.ProxyTransactionManagementConfiguration' of type [org.springframework.transaction.annotation.ProxyTransactionManagementConfiguration$$EnhancerBySpringCGLIB$$3cebaadf] is not eligible for getting processed by all BeanPostProcessors (for example: not eligible for auto-proxying) 
2017:03:22 23:26:54.338 INFO  --- [restartedMain] o.s.b.c.e.t.TomcatEmbeddedServletContainer : Tomcat initialized with port(s): 8080 (http) 
2017:03:22 23:26:54.347 INFO  --- [restartedMain] o.a.catalina.core.StandardService : Starting service Tomcat 
2017:03:22 23:26:54.348 INFO  --- [restartedMain] o.a.catalina.core.StandardEngine : Starting Servlet Engine: Apache Tomcat/8.5.11 
2017:03:22 23:26:54.403 INFO  --- [localhost-startStop-1] o.a.c.c.C.[Tomcat].[localhost].[/] : Initializing Spring embedded WebApplicationContext 
2017:03:22 23:26:54.404 INFO  --- [localhost-startStop-1] o.s.web.context.ContextLoader : Root WebApplicationContext: initialization completed in 1147 ms 
2017:03:22 23:26:54.492 INFO  --- [localhost-startStop-1] o.s.b.w.s.ServletRegistrationBean : Mapping servlet: 'dispatcherServlet' to [/] 
2017:03:22 23:26:54.495 INFO  --- [localhost-startStop-1] o.s.b.w.s.FilterRegistrationBean : Mapping filter: 'characterEncodingFilter' to: [/*] 
2017:03:22 23:26:54.496 INFO  --- [localhost-startStop-1] o.s.b.w.s.FilterRegistrationBean : Mapping filter: 'hiddenHttpMethodFilter' to: [/*] 
2017:03:22 23:26:54.496 INFO  --- [localhost-startStop-1] o.s.b.w.s.FilterRegistrationBean : Mapping filter: 'httpPutFormContentFilter' to: [/*] 
2017:03:22 23:26:54.496 INFO  --- [localhost-startStop-1] o.s.b.w.s.FilterRegistrationBean : Mapping filter: 'requestContextFilter' to: [/*] 
2017:03:22 23:26:54.778 INFO  --- [restartedMain] o.s.j.datasource.init.ScriptUtils : Executing SQL script from URL [file:/Users/dev/workspace/sf-template-web/build/classes/main/schema.sql] 
2017:03:22 23:26:54.789 INFO  --- [restartedMain] o.s.j.datasource.init.ScriptUtils : Executed SQL script from URL [file:/Users/dev/workspace/sf-template-web/build/classes/main/schema.sql] in 11 ms. 
2017:03:22 23:26:54.849 INFO  --- [restartedMain] o.s.o.j.LocalContainerEntityManagerFactoryBean : Building JPA container EntityManagerFactory for persistence unit 'default' 
2017:03:22 23:26:55.865 INFO  --- [restartedMain] o.s.o.j.LocalContainerEntityManagerFactoryBean : Initialized JPA EntityManagerFactory for persistence unit 'default' 
2017:03:22 23:26:56.138 INFO  --- [restartedMain] o.s.w.s.m.m.a.RequestMappingHandlerAdapter : Looking for @ControllerAdvice: org.springframework.boot.context.embedded.AnnotationConfigEmbeddedWebApplicationContext@c0668bf: startup date [Wed Mar 22 23:26:53 KST 2017]; root of context hierarchy 
2017:03:22 23:26:56.188 INFO  --- [restartedMain] o.s.w.s.m.m.a.RequestMappingHandlerMapping : Mapped "{[/]}" onto public java.lang.String com.exem.sf.controller.HomeController.home() 
2017:03:22 23:26:56.190 INFO  --- [restartedMain] o.s.w.s.m.m.a.RequestMappingHandlerMapping : Mapped "{[/error]}" onto public org.springframework.http.ResponseEntity<java.util.Map<java.lang.String, java.lang.Object>> org.springframework.boot.autoconfigure.web.BasicErrorController.error(javax.servlet.http.HttpServletRequest) 
2017:03:22 23:26:56.191 INFO  --- [restartedMain] o.s.w.s.m.m.a.RequestMappingHandlerMapping : Mapped "{[/error],produces=[text/html]}" onto public org.springframework.web.servlet.ModelAndView org.springframework.boot.autoconfigure.web.BasicErrorController.errorHtml(javax.servlet.http.HttpServletRequest,javax.servlet.http.HttpServletResponse) 
2017:03:22 23:26:56.218 INFO  --- [restartedMain] o.s.w.s.h.SimpleUrlHandlerMapping : Mapped URL path [/webjars/**] onto handler of type [class org.springframework.web.servlet.resource.ResourceHttpRequestHandler] 
2017:03:22 23:26:56.219 INFO  --- [restartedMain] o.s.w.s.h.SimpleUrlHandlerMapping : Mapped URL path [/**] onto handler of type [class org.springframework.web.servlet.resource.ResourceHttpRequestHandler] 
2017:03:22 23:26:56.245 INFO  --- [restartedMain] o.s.w.s.h.SimpleUrlHandlerMapping : Mapped URL path [/**/favicon.ico] onto handler of type [class org.springframework.web.servlet.resource.ResourceHttpRequestHandler] 
2017:03:22 23:26:56.259 INFO  --- [restartedMain] o.s.b.a.w.WebMvcAutoConfiguration$WelcomePageHandlerMapping : Adding welcome page: class path resource [static/index.html] 
2017:03:22 23:26:56.392 INFO  --- [restartedMain] o.s.b.d.a.OptionalLiveReloadServer : LiveReload server is running on port 35729 
2017:03:22 23:26:56.441 INFO  --- [restartedMain] o.s.j.e.a.AnnotationMBeanExporter : Registering beans for JMX exposure on startup 
2017:03:22 23:26:56.496 INFO  --- [restartedMain] o.s.b.c.e.t.TomcatEmbeddedServletContainer : Tomcat started on port(s): 8080 (http) 
2017:03:22 23:26:56.501 INFO  --- [restartedMain] c.exem.sf.SfTemplateWebApplication : Started SfTemplateWebApplication in 3.887 seconds (JVM running for 4.215) 
2017:03:22 23:43:06.839 INFO  --- [Thread-10] o.s.b.c.e.AnnotationConfigEmbeddedWebApplicationContext : Closing org.springframework.boot.context.embedded.AnnotationConfigEmbeddedWebApplicationContext@c0668bf: startup date [Wed Mar 22 23:26:53 KST 2017]; root of context hierarchy 
2017:03:22 23:43:06.841 INFO  --- [Thread-10] o.s.j.e.a.AnnotationMBeanExporter : Unregistering JMX-exposed beans on shutdown 
2017:03:22 23:43:06.842 INFO  --- [Thread-10] o.s.o.j.LocalContainerEntityManagerFactoryBean : Closing JPA EntityManagerFactory for persistence unit 'default' 
